<?xml version="1.0" encoding="UTF-8"?>
<!-- Generated by org.testng.reporters.JUnitReportReporter -->
<testsuite skipped="0" hostname="LAPTOP-IN7CEJHD" name="com.crm.automation.testng.listeners.modules.crm.AddCustomerTest" tests="1" failures="0" timestamp="2020-11-09T03:08:48 PST" time="6.878" errors="0">
  <testcase name="testCustomerHomePage" time="6.878" classname="com.crm.automation.testng.listeners.modules.crm.AddCustomerTest"/>
  <system-out/>
</testsuite> <!-- com.crm.automation.testng.listeners.modules.crm.AddCustomerTest -->
