<?xml version="1.0" encoding="UTF-8"?>
<!-- Generated by org.testng.reporters.JUnitReportReporter -->
<testsuite skipped="0" hostname="LAPTOP-IN7CEJHD" name="com.crm.automation.cucumber.runners.TestRunner" tests="1" failures="0" timestamp="2020-11-09T03:09:24 PST" time="2.336" errors="0">
  <testcase name="feature" time="2.336" classname="com.crm.automation.cucumber.runners.TestRunner"/>
  <system-out/>
</testsuite> <!-- com.crm.automation.cucumber.runners.TestRunner -->
