<?xml version="1.0" encoding="UTF-8"?>
<!-- Generated by org.testng.reporters.JUnitReportReporter -->
<testsuite skipped="0" hostname="LAPTOP-IN7CEJHD" name="com.crm.automation.testng.listeners.modules.login.LoginTest" tests="1" failures="0" timestamp="2020-11-09T03:08:48 PST" time="0.032" errors="0">
  <testcase name="testTest" time="0.032" classname="com.crm.automation.testng.listeners.modules.login.LoginTest"/>
  <system-out/>
</testsuite> <!-- com.crm.automation.testng.listeners.modules.login.LoginTest -->
